2017-04-04 16:02:23,881 DEBUG [main] loguser [test.java:61] 13869 
2017-04-04 16:02:37,977 DEBUG [main] loguser [test.java:61] 13847 
2017-04-05 15:00:48,733 DEBUG [main] Hello [hello.java:10] world
2017-04-05 15:01:12,647 WARN [Thread-1] b.testlog [testlog.java:19] test1
2017-04-05 15:01:12,647 WARN [Thread-2] b.testlog [testlog.java:19] test1
2017-04-05 15:01:12,647 WARN [Thread-0] b.testlog [testlog.java:19] test1
2017-04-05 15:01:12,649 INFO [Thread-1] b.testlog [testlog.java:20] test2
2017-04-05 15:01:12,649 INFO [Thread-2] b.testlog [testlog.java:20] test2
2017-04-05 15:01:12,650 INFO [Thread-0] b.testlog [testlog.java:20] test2
2017-04-05 15:01:12,650 ERROR [Thread-1] b.testlog [testlog.java:21] test
2017-04-05 15:01:12,650 ERROR [Thread-2] b.testlog [testlog.java:21] test
2017-04-05 15:01:12,651 ERROR [Thread-0] b.testlog [testlog.java:21] test
2017-04-05 15:01:52,526 DEBUG [main] loguser [test.java:62] 13140 
2017-04-05 15:02:06,611 DEBUG [main] loguser [test.java:62] 13149 
2017-04-05 15:02:20,684 DEBUG [main] loguser [test.java:62] 13205 
2017-04-05 15:02:34,766 DEBUG [main] loguser [test.java:62] 13248 
2017-04-05 15:02:53,982 DEBUG [main] loguser [test.java:62] 13263 
2017-04-05 15:03:08,065 DEBUG [main] loguser [test.java:62] 13178 
2017-04-05 15:03:22,141 DEBUG [main] loguser [test.java:62] 13177 
2017-04-05 15:03:36,232 DEBUG [main] loguser [test.java:62] 13132 
2017-04-05 15:04:14,008 INFO [main] loguser [test.java:45] 13126
2017-04-05 15:04:28,135 DEBUG [main] loguser [test.java:62] 13112 
2017-04-05 15:04:42,220 DEBUG [main] loguser [test.java:62] 13102 
